<?xml version="1.0" encoding="UTF-8"?>
<!-- Generated by org.testng.reporters.JUnitReportReporter -->
<testsuite hostname="GamingLaptop" failures="0" tests="5" name="com.tests.TestNG" time="26.361" errors="0" timestamp="2020-11-05T15:49:01 IST" skipped="0">
  <testcase classname="com.tests.TestNG" name="getGoogleSignIn" time="12.154"/>
  <system-out/>
  <testcase classname="com.tests.TestNG" name="getUpcomingBikes" time="2.939"/>
  <system-out/>
  <testcase classname="com.tests.TestNG" name="getPopularUsedCars" time="2.329"/>
  <system-out/>
  <testcase classname="com.tests.TestNG" name="getDriver" time="4.049"/>
  <system-out/>
  <testcase classname="com.tests.TestNG" name="closeApplication" time="4.890"/>
  <system-out/>
</testsuite> <!-- com.tests.TestNG -->
