<?xml version="1.0" encoding="UTF-8"?>
<!-- Generated by org.testng.reporters.JUnitReportReporter -->
<testsuite hostname="DESKTOP-Saheli09" failures="0" tests="5" name="com.tests.TestNG" time="40.596" errors="0" timestamp="2020-11-06T19:56:14 IST" skipped="0">
  <testcase classname="com.tests.TestNG" name="closeApplication" time="5.639"/>
  <system-out/>
  <testcase classname="com.tests.TestNG" name="getDriver" time="5.330"/>
  <system-out/>
  <testcase classname="com.tests.TestNG" name="getGoogleSignIn" time="17.040"/>
  <system-out/>
  <testcase classname="com.tests.TestNG" name="getPopularUsedCars" time="4.304"/>
  <system-out/>
  <testcase classname="com.tests.TestNG" name="getUpcomingBikes" time="8.283"/>
  <system-out/>
</testsuite> <!-- com.tests.TestNG -->
