<?xml version="1.0" encoding="UTF-8"?>
<!-- Generated by org.testng.reporters.JUnitReportReporter -->
<testsuite hostname="DESKTOP-Saheli09" failures="0" tests="5" name="com.tests.TestNG" time="34.154" errors="0" timestamp="2020-11-05T13:13:33 IST" skipped="0">
  <testcase classname="com.tests.TestNG" name="getPopularUsedCars" time="4.524"/>
  <system-out/>
  <testcase classname="com.tests.TestNG" name="getUpcomingBikes" time="5.244"/>
  <system-out/>
  <testcase classname="com.tests.TestNG" name="closeApplication" time="5.441"/>
  <system-out/>
  <testcase classname="com.tests.TestNG" name="getGoogleSignIn" time="13.044"/>
  <system-out/>
  <testcase classname="com.tests.TestNG" name="getDriver" time="5.901"/>
  <system-out/>
</testsuite> <!-- com.tests.TestNG -->
