<?xml version="1.0" encoding="UTF-8"?>
<!-- Generated by org.testng.reporters.JUnitReportReporter -->
<testsuite hostname="DESKTOP-Saheli09" failures="0" tests="4" name="com.tests.testChromeMethods" time="21.456" errors="0" timestamp="2020-11-04T11:10:36 IST" skipped="0">
  <testcase classname="com.tests.testChromeMethods" name="googleSignIn" time="6.086"/>
  <system-out/>
  <testcase classname="com.tests.testChromeMethods" name="fillLoginForm" time="0.920"/>
  <system-out/>
  <testcase classname="com.tests.testChromeMethods" name="fillLoginForm" time="1.779"/>
  <system-out/>
  <testcase classname="com.tests.testChromeMethods" name="navigation" time="12.671"/>
  <system-out/>
</testsuite> <!-- com.tests.testChromeMethods -->
