<?xml version="1.0" encoding="UTF-8"?>
<!-- Generated by org.testng.reporters.JUnitReportReporter -->
<testsuite hostname="DESKTOP-Saheli09" failures="0" tests="5" name="com.tests.TestNG" time="47.177" errors="0" timestamp="2020-11-07T00:12:29 IST" skipped="0">
  <testcase classname="com.tests.TestNG" name="getPopularUsedCars" time="8.105"/>
  <system-out/>
  <testcase classname="com.tests.TestNG" name="getDriver" time="5.945"/>
  <system-out/>
  <testcase classname="com.tests.TestNG" name="getUpcomingBikes" time="7.733"/>
  <system-out/>
  <testcase classname="com.tests.TestNG" name="getGoogleSignIn" time="19.855"/>
  <system-out/>
  <testcase classname="com.tests.TestNG" name="closeApplication" time="5.539"/>
  <system-out/>
</testsuite> <!-- com.tests.TestNG -->
